[mimi@tw30mall ~]$ sudo -i
[root@tw30mall ~]# ll
total 0
[root@tw30mall ~]# yum install -y yum-utils device-mapper-persistent-data lvm2
Loaded plugins: fastestmirror
Determining fastest mirrors
epel/x86_64/metalink                                                                                                                                                                                             |  17 kB  00:00:00     
 * base: mirror01.idc.hinet.net
 * epel: d2lzkl7pfhq30w.cloudfront.net
 * extras: mirror01.idc.hinet.net
 * updates: mirror01.idc.hinet.net
base                                                                                                                                                                                                             | 3.6 kB  00:00:00     
epel                                                                                                                                                                                                             | 4.7 kB  00:00:00     
extras                                                                                                                                                                                                           | 2.9 kB  00:00:00     
google-cloud-sdk/signature                                                                                                                                                                                       |  844 B  00:00:00     
google-cloud-sdk/signature                                                                                                                                                                                       | 1.4 kB  00:00:00 !!! 
google-compute-engine/signature                                                                                                                                                                                  |  844 B  00:00:00     
google-compute-engine/signature                                                                                                                                                                                  | 1.4 kB  00:00:00 !!! 
updates                                                                                                                                                                                                          | 2.9 kB  00:00:00     
(1/9): base/7/x86_64/group_gz                                                                                                                                                                                    | 153 kB  00:00:00     
(2/9): extras/7/x86_64/primary_db                                                                                                                                                                                | 222 kB  00:00:00     
(3/9): base/7/x86_64/primary_db                                                                                                                                                                                  | 6.1 MB  00:00:00     
(4/9): google-cloud-sdk/primary                                                                                                                                                                                  | 143 kB  00:00:00     
(5/9): updates/7/x86_64/primary_db                                                                                                                                                                               | 4.7 MB  00:00:00     
(6/9): epel/x86_64/group_gz                                                                                                                                                                                      |  95 kB  00:00:01     
(7/9): google-compute-engine/primary                                                                                                                                                                             | 4.1 kB  00:00:00     
(8/9): epel/x86_64/primary_db                                                                                                                                                                                    | 6.9 MB  00:00:02     
(9/9): epel/x86_64/updateinfo                                                                                                                                                                                    | 1.0 MB  00:00:03     
google-cloud-sdk                                                                                                                                                                                                                996/996
google-compute-engine                                                                                                                                                                                                             12/12
Resolving Dependencies
--> Running transaction check
---> Package device-mapper-persistent-data.x86_64 0:0.8.5-3.el7_9.2 will be installed
--> Processing Dependency: libaio.so.1(LIBAIO_0.4)(64bit) for package: device-mapper-persistent-data-0.8.5-3.el7_9.2.x86_64
--> Processing Dependency: libaio.so.1(LIBAIO_0.1)(64bit) for package: device-mapper-persistent-data-0.8.5-3.el7_9.2.x86_64
--> Processing Dependency: libaio.so.1()(64bit) for package: device-mapper-persistent-data-0.8.5-3.el7_9.2.x86_64
---> Package lvm2.x86_64 7:2.02.187-6.el7_9.3 will be installed
--> Processing Dependency: lvm2-libs = 7:2.02.187-6.el7_9.3 for package: 7:lvm2-2.02.187-6.el7_9.3.x86_64
--> Processing Dependency: liblvm2app.so.2.2(Base)(64bit) for package: 7:lvm2-2.02.187-6.el7_9.3.x86_64
--> Processing Dependency: libdevmapper-event.so.1.02(Base)(64bit) for package: 7:lvm2-2.02.187-6.el7_9.3.x86_64
--> Processing Dependency: liblvm2app.so.2.2()(64bit) for package: 7:lvm2-2.02.187-6.el7_9.3.x86_64
--> Processing Dependency: libdevmapper-event.so.1.02()(64bit) for package: 7:lvm2-2.02.187-6.el7_9.3.x86_64
---> Package yum-utils.noarch 0:1.1.31-54.el7_8 will be installed
--> Processing Dependency: python-kitchen for package: yum-utils-1.1.31-54.el7_8.noarch
--> Processing Dependency: libxml2-python for package: yum-utils-1.1.31-54.el7_8.noarch
--> Running transaction check
---> Package device-mapper-event-libs.x86_64 7:1.02.170-6.el7_9.3 will be installed
---> Package libaio.x86_64 0:0.3.109-13.el7 will be installed
---> Package libxml2-python.x86_64 0:2.9.1-6.el7.5 will be installed
---> Package lvm2-libs.x86_64 7:2.02.187-6.el7_9.3 will be installed
--> Processing Dependency: device-mapper-event = 7:1.02.170-6.el7_9.3 for package: 7:lvm2-libs-2.02.187-6.el7_9.3.x86_64
---> Package python-kitchen.noarch 0:1.1.1-5.el7 will be installed
--> Processing Dependency: python-chardet for package: python-kitchen-1.1.1-5.el7.noarch
--> Running transaction check
---> Package device-mapper-event.x86_64 7:1.02.170-6.el7_9.3 will be installed
--> Processing Dependency: device-mapper = 7:1.02.170-6.el7_9.3 for package: 7:device-mapper-event-1.02.170-6.el7_9.3.x86_64
---> Package python-chardet.noarch 0:2.2.1-3.el7 will be installed
--> Running transaction check
---> Package device-mapper.x86_64 7:1.02.170-6.el7 will be updated
--> Processing Dependency: device-mapper = 7:1.02.170-6.el7 for package: 7:device-mapper-libs-1.02.170-6.el7.x86_64
---> Package device-mapper.x86_64 7:1.02.170-6.el7_9.3 will be an update
--> Running transaction check
---> Package device-mapper-libs.x86_64 7:1.02.170-6.el7 will be updated
---> Package device-mapper-libs.x86_64 7:1.02.170-6.el7_9.3 will be an update
--> Finished Dependency Resolution

Dependencies Resolved

======================================================================================================================================================================================================================================== Package                                                              Arch                                          Version                                                        Repository                                      Size
========================================================================================================================================================================================================================================Installing:
 device-mapper-persistent-data                                        x86_64                                        0.8.5-3.el7_9.2                                                updates                                        423 k
 lvm2                                                                 x86_64                                        7:2.02.187-6.el7_9.3                                           updates                                        1.3 M
 yum-utils                                                            noarch                                        1.1.31-54.el7_8                                                base                                           122 k
Installing for dependencies:
 device-mapper-event                                                  x86_64                                        7:1.02.170-6.el7_9.3                                           updates                                        192 k
 device-mapper-event-libs                                             x86_64                                        7:1.02.170-6.el7_9.3                                           updates                                        191 k
 libaio                                                               x86_64                                        0.3.109-13.el7                                                 base                                            24 k
 libxml2-python                                                       x86_64                                        2.9.1-6.el7.5                                                  base                                           247 k
 lvm2-libs                                                            x86_64                                        7:2.02.187-6.el7_9.3                                           updates                                        1.1 M
 python-chardet                                                       noarch                                        2.2.1-3.el7                                                    base                                           227 k
 python-kitchen                                                       noarch                                        1.1.1-5.el7                                                    base                                           267 k
Updating for dependencies:
 device-mapper                                                        x86_64                                        7:1.02.170-6.el7_9.3                                           updates                                        297 k
 device-mapper-libs                                                   x86_64                                        7:1.02.170-6.el7_9.3                                           updates                                        325 k

Transaction Summary
========================================================================================================================================================================================================================================Install  3 Packages (+7 Dependent packages)
Upgrade             ( 2 Dependent packages)

Total download size: 4.7 M
Downloading packages:
Delta RPMs disabled because /usr/bin/applydeltarpm not installed.
(1/12): device-mapper-1.02.170-6.el7_9.3.x86_64.rpm                                                                                                                                                              | 297 kB  00:00:00     
(2/12): device-mapper-event-1.02.170-6.el7_9.3.x86_64.rpm                                                                                                                                                        | 192 kB  00:00:00     
(3/12): device-mapper-event-libs-1.02.170-6.el7_9.3.x86_64.rpm                                                                                                                                                   | 191 kB  00:00:00     
(4/12): device-mapper-libs-1.02.170-6.el7_9.3.x86_64.rpm                                                                                                                                                         | 325 kB  00:00:00     
(5/12): device-mapper-persistent-data-0.8.5-3.el7_9.2.x86_64.rpm                                                                                                                                                 | 423 kB  00:00:00     
(6/12): libaio-0.3.109-13.el7.x86_64.rpm                                                                                                                                                                         |  24 kB  00:00:00     
(7/12): lvm2-libs-2.02.187-6.el7_9.3.x86_64.rpm                                                                                                                                                                  | 1.1 MB  00:00:00     
(8/12): lvm2-2.02.187-6.el7_9.3.x86_64.rpm                                                                                                                                                                       | 1.3 MB  00:00:00     
(9/12): libxml2-python-2.9.1-6.el7.5.x86_64.rpm                                                                                                                                                                  | 247 kB  00:00:00     
(10/12): python-chardet-2.2.1-3.el7.noarch.rpm                                                                                                                                                                   | 227 kB  00:00:00     
(11/12): yum-utils-1.1.31-54.el7_8.noarch.rpm                                                                                                                                                                    | 122 kB  00:00:00     
(12/12): python-kitchen-1.1.1-5.el7.noarch.rpm                                                                                                                                                                   | 267 kB  00:00:00     
----------------------------------------------------------------------------------------------------------------------------------------------------------------------------------------------------------------------------------------Total                                                                                                                                                                                                    10 MB/s | 4.7 MB  00:00:00     
Running transaction check
Running transaction test
Transaction test succeeded
Running transaction
  Updating   : 7:device-mapper-1.02.170-6.el7_9.3.x86_64                                                                                                                                                                           1/14 
  Updating   : 7:device-mapper-libs-1.02.170-6.el7_9.3.x86_64                                                                                                                                                                      2/14 
  Installing : 7:device-mapper-event-libs-1.02.170-6.el7_9.3.x86_64                                                                                                                                                                3/14 
  Installing : libaio-0.3.109-13.el7.x86_64                                                                                                                                                                                        4/14 
  Installing : device-mapper-persistent-data-0.8.5-3.el7_9.2.x86_64                                                                                                                                                                5/14 
  Installing : 7:device-mapper-event-1.02.170-6.el7_9.3.x86_64                                                                                                                                                                     6/14 
  Installing : 7:lvm2-libs-2.02.187-6.el7_9.3.x86_64                                                                                                                                                                               7/14 
  Installing : python-chardet-2.2.1-3.el7.noarch                                                                                                                                                                                   8/14 
  Installing : python-kitchen-1.1.1-5.el7.noarch                                                                                                                                                                                   9/14 
  Installing : libxml2-python-2.9.1-6.el7.5.x86_64                                                                                                                                                                                10/14 
  Installing : yum-utils-1.1.31-54.el7_8.noarch                                                                                                                                                                                   11/14 
  Installing : 7:lvm2-2.02.187-6.el7_9.3.x86_64                                                                                                                                                                                   12/14 
  Cleanup    : 7:device-mapper-1.02.170-6.el7.x86_64                                                                                                                                                                              13/14 
  Cleanup    : 7:device-mapper-libs-1.02.170-6.el7.x86_64                                                                                                                                                                         14/14 
  Verifying  : libxml2-python-2.9.1-6.el7.5.x86_64                                                                                                                                                                                 1/14 
  Verifying  : 7:device-mapper-event-libs-1.02.170-6.el7_9.3.x86_64                                                                                                                                                                2/14 
  Verifying  : python-chardet-2.2.1-3.el7.noarch                                                                                                                                                                                   3/14 
  Verifying  : 7:device-mapper-event-1.02.170-6.el7_9.3.x86_64                                                                                                                                                                     4/14 
  Verifying  : device-mapper-persistent-data-0.8.5-3.el7_9.2.x86_64                                                                                                                                                                5/14 
  Verifying  : 7:device-mapper-libs-1.02.170-6.el7_9.3.x86_64                                                                                                                                                                      6/14 
  Verifying  : python-kitchen-1.1.1-5.el7.noarch                                                                                                                                                                                   7/14 
  Verifying  : 7:lvm2-libs-2.02.187-6.el7_9.3.x86_64                                                                                                                                                                               8/14 
  Verifying  : libaio-0.3.109-13.el7.x86_64                                                                                                                                                                                        9/14 
  Verifying  : 7:device-mapper-1.02.170-6.el7_9.3.x86_64                                                                                                                                                                          10/14 
  Verifying  : yum-utils-1.1.31-54.el7_8.noarch                                                                                                                                                                                   11/14 
  Verifying  : 7:lvm2-2.02.187-6.el7_9.3.x86_64                                                                                                                                                                                   12/14 
  Verifying  : 7:device-mapper-libs-1.02.170-6.el7.x86_64                                                                                                                                                                         13/14 
  Verifying  : 7:device-mapper-1.02.170-6.el7.x86_64                                                                                                                                                                              14/14 

Installed:
  device-mapper-persistent-data.x86_64 0:0.8.5-3.el7_9.2                                     lvm2.x86_64 7:2.02.187-6.el7_9.3                                     yum-utils.noarch 0:1.1.31-54.el7_8                                    

Dependency Installed:
  device-mapper-event.x86_64 7:1.02.170-6.el7_9.3     device-mapper-event-libs.x86_64 7:1.02.170-6.el7_9.3     libaio.x86_64 0:0.3.109-13.el7     libxml2-python.x86_64 0:2.9.1-6.el7.5     lvm2-libs.x86_64 7:2.02.187-6.el7_9.3    
  python-chardet.noarch 0:2.2.1-3.el7                 python-kitchen.noarch 0:1.1.1-5.el7                     

Dependency Updated:
  device-mapper.x86_64 7:1.02.170-6.el7_9.3                                                                        device-mapper-libs.x86_64 7:1.02.170-6.el7_9.3                                                                       

Complete!
[root@tw30mall ~]# yum-config-manager --add-repo https://download.docker.com/linux/centos/docker-ce.repo
Loaded plugins: fastestmirror
adding repo from: https://download.docker.com/linux/centos/docker-ce.repo
grabbing file https://download.docker.com/linux/centos/docker-ce.repo to /etc/yum.repos.d/docker-ce.repo
repo saved to /etc/yum.repos.d/docker-ce.repo
[root@tw30mall ~]# yum install docker-ce
Loaded plugins: fastestmirror
Loading mirror speeds from cached hostfile
 * base: mirror01.idc.hinet.net
 * epel: d2lzkl7pfhq30w.cloudfront.net
 * extras: mirror01.idc.hinet.net
 * updates: mirror01.idc.hinet.net
docker-ce-stable                                                                                                                                                                                                 | 3.5 kB  00:00:00     
(1/2): docker-ce-stable/7/x86_64/updateinfo                                                                                                                                                                      |   55 B  00:00:00     
(2/2): docker-ce-stable/7/x86_64/primary_db                                                                                                                                                                      |  52 kB  00:00:00     
Resolving Dependencies
--> Running transaction check
---> Package docker-ce.x86_64 3:20.10.2-3.el7 will be installed
--> Processing Dependency: container-selinux >= 2:2.74 for package: 3:docker-ce-20.10.2-3.el7.x86_64
--> Processing Dependency: containerd.io >= 1.4.1 for package: 3:docker-ce-20.10.2-3.el7.x86_64
--> Processing Dependency: docker-ce-cli for package: 3:docker-ce-20.10.2-3.el7.x86_64
--> Processing Dependency: docker-ce-rootless-extras for package: 3:docker-ce-20.10.2-3.el7.x86_64
--> Processing Dependency: libcgroup for package: 3:docker-ce-20.10.2-3.el7.x86_64
--> Running transaction check
---> Package container-selinux.noarch 2:2.119.2-1.911c772.el7_8 will be installed
--> Processing Dependency: policycoreutils-python for package: 2:container-selinux-2.119.2-1.911c772.el7_8.noarch
---> Package containerd.io.x86_64 0:1.4.3-3.1.el7 will be installed
---> Package docker-ce-cli.x86_64 1:20.10.2-3.el7 will be installed
---> Package docker-ce-rootless-extras.x86_64 0:20.10.2-3.el7 will be installed
--> Processing Dependency: fuse-overlayfs >= 0.7 for package: docker-ce-rootless-extras-20.10.2-3.el7.x86_64
--> Processing Dependency: slirp4netns >= 0.4 for package: docker-ce-rootless-extras-20.10.2-3.el7.x86_64
---> Package libcgroup.x86_64 0:0.41-21.el7 will be installed
--> Running transaction check
---> Package fuse-overlayfs.x86_64 0:0.7.2-6.el7_8 will be installed
--> Processing Dependency: libfuse3.so.3(FUSE_3.2)(64bit) for package: fuse-overlayfs-0.7.2-6.el7_8.x86_64
--> Processing Dependency: libfuse3.so.3(FUSE_3.0)(64bit) for package: fuse-overlayfs-0.7.2-6.el7_8.x86_64
--> Processing Dependency: libfuse3.so.3()(64bit) for package: fuse-overlayfs-0.7.2-6.el7_8.x86_64
---> Package policycoreutils-python.x86_64 0:2.5-34.el7 will be installed
--> Processing Dependency: setools-libs >= 3.3.8-4 for package: policycoreutils-python-2.5-34.el7.x86_64
--> Processing Dependency: libsemanage-python >= 2.5-14 for package: policycoreutils-python-2.5-34.el7.x86_64
--> Processing Dependency: audit-libs-python >= 2.1.3-4 for package: policycoreutils-python-2.5-34.el7.x86_64
--> Processing Dependency: python-IPy for package: policycoreutils-python-2.5-34.el7.x86_64
--> Processing Dependency: libqpol.so.1(VERS_1.4)(64bit) for package: policycoreutils-python-2.5-34.el7.x86_64
--> Processing Dependency: libqpol.so.1(VERS_1.2)(64bit) for package: policycoreutils-python-2.5-34.el7.x86_64
--> Processing Dependency: libapol.so.4(VERS_4.0)(64bit) for package: policycoreutils-python-2.5-34.el7.x86_64
--> Processing Dependency: checkpolicy for package: policycoreutils-python-2.5-34.el7.x86_64
--> Processing Dependency: libqpol.so.1()(64bit) for package: policycoreutils-python-2.5-34.el7.x86_64
--> Processing Dependency: libapol.so.4()(64bit) for package: policycoreutils-python-2.5-34.el7.x86_64
---> Package slirp4netns.x86_64 0:0.4.3-4.el7_8 will be installed
--> Running transaction check
---> Package audit-libs-python.x86_64 0:2.8.5-4.el7 will be installed
---> Package checkpolicy.x86_64 0:2.5-8.el7 will be installed
---> Package fuse3-libs.x86_64 0:3.6.1-4.el7 will be installed
---> Package libsemanage-python.x86_64 0:2.5-14.el7 will be installed
---> Package python-IPy.noarch 0:0.75-6.el7 will be installed
---> Package setools-libs.x86_64 0:3.3.8-4.el7 will be installed
--> Finished Dependency Resolution

Dependencies Resolved

======================================================================================================================================================================================================================================== Package                                                        Arch                                        Version                                                         Repository                                             Size
========================================================================================================================================================================================================================================Installing:
 docker-ce                                                      x86_64                                      3:20.10.2-3.el7                                                 docker-ce-stable                                       27 M
Installing for dependencies:
 audit-libs-python                                              x86_64                                      2.8.5-4.el7                                                     base                                                   76 k
 checkpolicy                                                    x86_64                                      2.5-8.el7                                                       base                                                  295 k
 container-selinux                                              noarch                                      2:2.119.2-1.911c772.el7_8                                       extras                                                 40 k
 containerd.io                                                  x86_64                                      1.4.3-3.1.el7                                                   docker-ce-stable                                       33 M
 docker-ce-cli                                                  x86_64                                      1:20.10.2-3.el7                                                 docker-ce-stable                                       33 M
 docker-ce-rootless-extras                                      x86_64                                      20.10.2-3.el7                                                   docker-ce-stable                                      9.0 M
 fuse-overlayfs                                                 x86_64                                      0.7.2-6.el7_8                                                   extras                                                 54 k
 fuse3-libs                                                     x86_64                                      3.6.1-4.el7                                                     extras                                                 82 k
 libcgroup                                                      x86_64                                      0.41-21.el7                                                     base                                                   66 k
 libsemanage-python                                             x86_64                                      2.5-14.el7                                                      base                                                  113 k
 policycoreutils-python                                         x86_64                                      2.5-34.el7                                                      base                                                  457 k
 python-IPy                                                     noarch                                      0.75-6.el7                                                      base                                                   32 k
 setools-libs                                                   x86_64                                      3.3.8-4.el7                                                     base                                                  620 k
 slirp4netns                                                    x86_64                                      0.4.3-4.el7_8                                                   extras                                                 81 k

Transaction Summary
========================================================================================================================================================================================================================================Install  1 Package (+14 Dependent packages)

Total download size: 104 M
Installed size: 428 M
Is this ok [y/d/N]: y
Downloading packages:
(1/15): audit-libs-python-2.8.5-4.el7.x86_64.rpm                                                                                                                                                                 |  76 kB  00:00:00     
(2/15): container-selinux-2.119.2-1.911c772.el7_8.noarch.rpm                                                                                                                                                     |  40 kB  00:00:00     
(3/15): checkpolicy-2.5-8.el7.x86_64.rpm                                                                                                                                                                         | 295 kB  00:00:00     
warning: /var/cache/yum/x86_64/7/docker-ce-stable/packages/containerd.io-1.4.3-3.1.el7.x86_64.rpm: Header V4 RSA/SHA512 Signature, key ID 621e9f35: NOKEY
Public key for containerd.io-1.4.3-3.1.el7.x86_64.rpm is not installed
(4/15): containerd.io-1.4.3-3.1.el7.x86_64.rpm                                                                                                                                                                   |  33 MB  00:00:00     
(5/15): docker-ce-cli-20.10.2-3.el7.x86_64.rpm                                                                                                                                                                   |  33 MB  00:00:00     
(6/15): docker-ce-20.10.2-3.el7.x86_64.rpm                                                                                                                                                                       |  27 MB  00:00:00     
(7/15): docker-ce-rootless-extras-20.10.2-3.el7.x86_64.rpm                                                                                                                                                       | 9.0 MB  00:00:00     
(8/15): fuse-overlayfs-0.7.2-6.el7_8.x86_64.rpm                                                                                                                                                                  |  54 kB  00:00:00     
(9/15): libcgroup-0.41-21.el7.x86_64.rpm                                                                                                                                                                         |  66 kB  00:00:00     
(10/15): fuse3-libs-3.6.1-4.el7.x86_64.rpm                                                                                                                                                                       |  82 kB  00:00:00     
(11/15): libsemanage-python-2.5-14.el7.x86_64.rpm                                                                                                                                                                | 113 kB  00:00:00     
(12/15): python-IPy-0.75-6.el7.noarch.rpm                                                                                                                                                                        |  32 kB  00:00:00     
(13/15): policycoreutils-python-2.5-34.el7.x86_64.rpm                                                                                                                                                            | 457 kB  00:00:00     
(14/15): slirp4netns-0.4.3-4.el7_8.x86_64.rpm                                                                                                                                                                    |  81 kB  00:00:00     
(15/15): setools-libs-3.3.8-4.el7.x86_64.rpm                                                                                                                                                                     | 620 kB  00:00:00     
----------------------------------------------------------------------------------------------------------------------------------------------------------------------------------------------------------------------------------------Total                                                                                                                                                                                                    74 MB/s | 104 MB  00:00:01     
Retrieving key from https://download.docker.com/linux/centos/gpg
Importing GPG key 0x621E9F35:
 Userid     : "Docker Release (CE rpm) <docker@docker.com>"
 Fingerprint: 060a 61c5 1b55 8a7f 742b 77aa c52f eb6b 621e 9f35
 From       : https://download.docker.com/linux/centos/gpg
Is this ok [y/N]: y
Running transaction check
Running transaction test
Transaction test succeeded
Running transaction
  Installing : libcgroup-0.41-21.el7.x86_64                                                                                                                                                                                        1/15 
  Installing : setools-libs-3.3.8-4.el7.x86_64                                                                                                                                                                                     2/15 
  Installing : audit-libs-python-2.8.5-4.el7.x86_64                                                                                                                                                                                3/15 
  Installing : python-IPy-0.75-6.el7.noarch                                                                                                                                                                                        4/15 
  Installing : slirp4netns-0.4.3-4.el7_8.x86_64                                                                                                                                                                                    5/15 
  Installing : 1:docker-ce-cli-20.10.2-3.el7.x86_64                                                                                                                                                                                6/15 
  Installing : checkpolicy-2.5-8.el7.x86_64                                                                                                                                                                                        7/15 
  Installing : fuse3-libs-3.6.1-4.el7.x86_64                                                                                                                                                                                       8/15 
  Installing : fuse-overlayfs-0.7.2-6.el7_8.x86_64                                                                                                                                                                                 9/15 
  Installing : libsemanage-python-2.5-14.el7.x86_64                                                                                                                                                                               10/15 
  Installing : policycoreutils-python-2.5-34.el7.x86_64                                                                                                                                                                           11/15 
  Installing : 2:container-selinux-2.119.2-1.911c772.el7_8.noarch                                                                                                                                                                 12/15 
  Installing : containerd.io-1.4.3-3.1.el7.x86_64                                                                                                                                                                                 13/15 
  Installing : docker-ce-rootless-extras-20.10.2-3.el7.x86_64                                                                                                                                                                     14/15 
  Installing : 3:docker-ce-20.10.2-3.el7.x86_64                                                                                                                                                                                   15/15 
  Verifying  : libsemanage-python-2.5-14.el7.x86_64                                                                                                                                                                                1/15 
  Verifying  : fuse3-libs-3.6.1-4.el7.x86_64                                                                                                                                                                                       2/15 
  Verifying  : 3:docker-ce-20.10.2-3.el7.x86_64                                                                                                                                                                                    3/15 
  Verifying  : checkpolicy-2.5-8.el7.x86_64                                                                                                                                                                                        4/15 
  Verifying  : fuse-overlayfs-0.7.2-6.el7_8.x86_64                                                                                                                                                                                 5/15 
  Verifying  : 1:docker-ce-cli-20.10.2-3.el7.x86_64                                                                                                                                                                                6/15 
  Verifying  : slirp4netns-0.4.3-4.el7_8.x86_64                                                                                                                                                                                    7/15 
  Verifying  : 2:container-selinux-2.119.2-1.911c772.el7_8.noarch                                                                                                                                                                  8/15 
  Verifying  : python-IPy-0.75-6.el7.noarch                                                                                                                                                                                        9/15 
  Verifying  : containerd.io-1.4.3-3.1.el7.x86_64                                                                                                                                                                                 10/15 
  Verifying  : docker-ce-rootless-extras-20.10.2-3.el7.x86_64                                                                                                                                                                     11/15 
  Verifying  : policycoreutils-python-2.5-34.el7.x86_64                                                                                                                                                                           12/15 
  Verifying  : audit-libs-python-2.8.5-4.el7.x86_64                                                                                                                                                                               13/15 
  Verifying  : setools-libs-3.3.8-4.el7.x86_64                                                                                                                                                                                    14/15 
  Verifying  : libcgroup-0.41-21.el7.x86_64                                                                                                                                                                                       15/15 

Installed:
  docker-ce.x86_64 3:20.10.2-3.el7                                                                                                                                                                                                      

Dependency Installed:
  audit-libs-python.x86_64 0:2.8.5-4.el7              checkpolicy.x86_64 0:2.5-8.el7           container-selinux.noarch 2:2.119.2-1.911c772.el7_8    containerd.io.x86_64 0:1.4.3-3.1.el7    docker-ce-cli.x86_64 1:20.10.2-3.el7     
  docker-ce-rootless-extras.x86_64 0:20.10.2-3.el7    fuse-overlayfs.x86_64 0:0.7.2-6.el7_8    fuse3-libs.x86_64 0:3.6.1-4.el7                       libcgroup.x86_64 0:0.41-21.el7          libsemanage-python.x86_64 0:2.5-14.el7   
  policycoreutils-python.x86_64 0:2.5-34.el7          python-IPy.noarch 0:0.75-6.el7           setools-libs.x86_64 0:3.3.8-4.el7                     slirp4netns.x86_64 0:0.4.3-4.el7_8     

Complete!
[root@tw30mall ~]# systemctl start docker
[root@tw30mall ~]# 