[root@tw30mall nginx]# docker pull rabbitmq:3.7.15
3.7.15: Pulling from library/rabbitmq
5b7339215d1d: Pull complete 
14ca88e9f672: Pull complete 
a31c3b1caad4: Pull complete 
b054a26005b7: Pull complete 
eef17c6cb6cf: Pull complete 
d5a267fdfe2c: Pull complete 
d499647c68af: Pull complete 
ad88e7bd384a: Pull complete 
ae1d871f3f62: Pull complete 
7ceac8eb91d4: Pull complete 
Digest: sha256:78dff08cefc9fef5c9cbaabab99d783d72d37cb7bbb66a08c4f59877ef406c1f
Status: Downloaded newer image for rabbitmq:3.7.15
docker.io/library/rabbitmq:3.7.15
[root@tw30mall nginx]# docker run -p 5672:5672 -p 15672:15672 --name rabbitmq \
> -d rabbitmq:3.7.15
9c295eaf6ca5556e4129ca652a4c61bf0cb03fee8d49a8cf74c491d1fc5b0b0c
[root@tw30mall nginx]# docker exec -it rabbitmq /bin/bash
root@9c295eaf6ca5:/# rabbitmq-plugins enable rabbitmq_management
Enabling plugins on node rabbit@9c295eaf6ca5:
rabbitmq_management
The following plugins have been configured:
  rabbitmq_management
  rabbitmq_management_agent
  rabbitmq_web_dispatch
Applying plugin configuration to rabbit@9c295eaf6ca5...
The following plugins have been enabled:
  rabbitmq_management
  rabbitmq_management_agent
  rabbitmq_web_dispatch

started 3 plugins.
root@9c295eaf6ca5:/# exit
exit
[root@tw30mall nginx]# firewall-cmd --zone=public --add-port=15672/tcp --permanent
success
[root@tw30mall nginx]# firewall-cmd --reload
success
[root@tw30mall nginx]# 